<?xml version="1.0" encoding="utf-8"?><testsuites><testsuite name="pytest" errors="0" failures="0" skipped="0" tests="2" time="14.940" timestamp="2021-08-30T16:09:18.207929" hostname="LAPTOP-AUO88KM2"><testcase classname="test_dir.test_baidu.TestSearch" name="test_baidu_search_case" time="7.187" /><testcase classname="test_dir.test_baidu.TestSearchSettings" name="test_baidu_search_setting" time="7.669" /></testsuite></testsuites>